<?xml version="1.0" encoding="UTF-8"?>
<!-- Generated by org.testng.reporters.JUnitReportReporter -->
<testsuite skipped="0" hostname="cdps-MacBook-Pro.local" name="com.qk.axis.demoForAxisBank.AppTest" tests="1" failures="0" timestamp="10 May 2019 06:00:41 GMT" time="127.304" errors="0">
  <testcase name="f" time="127.304" classname="com.qk.axis.demoForAxisBank.AppTest"/>
</testsuite> <!-- com.qk.axis.demoForAxisBank.AppTest -->
