<?xml version="1.0" encoding="UTF-8"?>
<!-- Generated by org.testng.reporters.JUnitReportReporter -->
<testsuite skipped="0" hostname="cdps-MacBook-Pro.local" name="com.qk.axis.demoForAxisBank.AppTest" tests="1" failures="0" timestamp="09 May 2019 14:47:24 GMT" time="104.032" errors="0">
  <testcase name="f" time="104.032" classname="com.qk.axis.demoForAxisBank.AppTest"/>
</testsuite> <!-- com.qk.axis.demoForAxisBank.AppTest -->
