<?xml version="1.0" encoding="UTF-8"?>
<!-- Generated by org.testng.reporters.JUnitReportReporter -->
<testsuite skipped="0" hostname="cdps-MacBook-Pro.local" name="com.qk.axis.fundtransfer2.FundTransferTest" tests="1" failures="0" timestamp="10 May 2019 11:39:27 GMT" time="32.242" errors="0">
  <testcase name="f" time="32.242" classname="com.qk.axis.fundtransfer2.FundTransferTest"/>
</testsuite> <!-- com.qk.axis.fundtransfer2.FundTransferTest -->
